[18:42:35] [ServerMain/INFO]: [bootstrap] Running Java 21 (OpenJDK 64-Bit Server VM 21.0.8+9-Ubuntu-0ubuntu124.04.1; Ubuntu null) on Linux 6.8.0-1030-azure (amd64)
[18:42:35] [ServerMain/INFO]: [bootstrap] Loading Paper 1.21.1-57-master@b483da4 (2024-09-01T18:09:05Z) for Minecraft 1.21.1
[18:42:35] [ServerMain/INFO]: [PluginInitializerManager] Initializing plugins...
[18:42:35] [ServerMain/INFO]: [PluginInitializerManager] Initialized 2 plugins
[18:42:35] [ServerMain/INFO]: [PluginInitializerManager] Bukkit plugins (2):
 - Geyser-Spigot (2.8.3-SNAPSHOT), floodgate (2.2.4-SNAPSHOT (b118-40d320a))
[18:42:40] [ServerMain/INFO]: Environment: Environment[sessionHost=https://sessionserver.mojang.com, servicesHost=https://api.minecraftservices.com, name=PROD]
[18:42:42] [ServerMain/INFO]: Loaded 1290 recipes
[18:42:42] [ServerMain/INFO]: Loaded 1399 advancements
[18:42:42] [Server thread/INFO]: Starting minecraft server version 1.21.1
[18:42:42] [Server thread/INFO]: Loading properties
[18:42:42] [Server thread/INFO]: This server is running Paper version 1.21.1-57-master@b483da4 (2024-09-01T18:09:05Z) (Implementing API version 1.21.1-R0.1-SNAPSHOT)
[18:42:43] [Server thread/INFO]: [spark] This server bundles the spark profiler. For more information please visit https://docs.papermc.io/paper/profiling
[18:42:43] [Server thread/INFO]: Server Ping Player Sample Count: 12
[18:42:43] [Server thread/INFO]: Using 4 threads for Netty based IO
[18:42:44] [Server thread/INFO]: [ChunkTaskScheduler] Chunk system is using 1 I/O threads, 1 worker threads, and population gen parallelism of 1 threads
[18:42:44] [Server thread/INFO]: Default game type: SURVIVAL
[18:42:44] [Server thread/INFO]: Generating keypair
[18:42:44] [Server thread/INFO]: Starting Minecraft server on *:25565
[18:42:44] [Server thread/INFO]: Using epoll channel type
[18:42:44] [Server thread/INFO]: Paper: Using libdeflate (Linux x86_64) compression from Velocity.
[18:42:44] [Server thread/INFO]: Paper: Using OpenSSL 3.0.x (Linux x86_64) cipher from Velocity.
[18:42:45] [Server thread/INFO]: [floodgate] Loading server plugin floodgate v2.2.4-SNAPSHOT (b118-40d320a)
[18:42:46] [Server thread/WARN]: [floodgate] en_ is not a supported Floodgate language.
[18:42:47] [Server thread/INFO]: [floodgate] Took 1,999ms to boot Floodgate
[18:42:47] [Server thread/INFO]: [Geyser-Spigot] Loading server plugin Geyser-Spigot v2.8.3-SNAPSHOT
[18:42:49] [Server thread/INFO]: [Geyser-Spigot] Loading extensions...
[18:42:49] [Server thread/INFO]: [Geyser-Spigot] Loaded 0 extension(s)
[18:42:49] [Server thread/INFO]: Server permissions file permissions.yml is empty, ignoring it
[18:42:49] [Server thread/WARN]: **** SERVER IS RUNNING IN OFFLINE/INSECURE MODE!
[18:42:49] [Server thread/WARN]: The server will make no attempt to authenticate usernames. Beware.
[18:42:49] [Server thread/WARN]: While this makes the game possible to play without internet access, it also opens up the ability for hackers to connect with any username they choose.
[18:42:49] [Server thread/WARN]: To change this, set "online-mode" to "true" in the server.properties file.
[18:42:49] [Server thread/INFO]: Preparing level "world"
[18:42:49] [Server thread/INFO]: Preparing start region for dimension minecraft:overworld
[18:42:50] [Server thread/INFO]: Time elapsed: 1014 ms
[18:42:50] [Server thread/INFO]: Preparing start region for dimension minecraft:the_nether
[18:42:50] [Server thread/INFO]: Time elapsed: 196 ms
[18:42:50] [Server thread/INFO]: Preparing start region for dimension minecraft:the_end
[18:42:51] [Server thread/INFO]: Time elapsed: 120 ms
[18:42:51] [Server thread/INFO]: [floodgate] Enabling floodgate v2.2.4-SNAPSHOT (b118-40d320a)
[18:42:51] [Server thread/INFO]: [Geyser-Spigot] Enabling Geyser-Spigot v2.8.3-SNAPSHOT
[18:42:55] [Server thread/INFO]: [spark] Starting background profiler...
[18:42:56] [Server thread/INFO]: [Geyser-Spigot] ******************************************
[18:42:56] [Server thread/INFO]: [Geyser-Spigot] 
[18:42:56] [Server thread/INFO]: [Geyser-Spigot] Loading Geyser version 2.8.3-b903 (git-master-61a1ddd)
[18:42:56] [Server thread/INFO]: [Geyser-Spigot] 
[18:42:56] [Server thread/INFO]: [Geyser-Spigot] ******************************************
[18:43:01] [GeyserServer-3-1/INFO]: [Geyser-Spigot] Started Geyser on UDP port 25565
[18:43:01] [Server thread/INFO]: [Geyser-Spigot] Done (5.712s)! Run /geyser help for help!
[18:43:01] [Server thread/WARN]: [Geyser-Spigot] Your server software does not support the Java version that Geyser requires (1.21.7, 1.21.8). Please install ViaVersion (https://ci.viaversion.com/job/ViaVersion/) or update your server software!
[18:43:02] [Server thread/INFO]: Done preparing level "world" (12.764s)
[18:43:02] [Server thread/INFO]: Running delayed init tasks
[18:43:02] [Server thread/INFO]: Done (27.662s)! For help, type "help"
[18:43:02] [Server thread/INFO]: Timings Reset
[18:43:42] [User Authenticator #0/INFO]: UUID of player luis123333333 is e8feb589-c703-3d56-a300-b799bbd264f6
[18:43:45] [Server thread/INFO]: luis123333333 joined the game
[18:43:45] [Server thread/INFO]: luis123333333[/127.80.177.232:32869] logged in with entity id 16 at ([world]-547.7725955673021, 82.77793754177083, 382.93493228592143)
[18:47:51] [Server thread/INFO]: luis123333333 issued server command: /time set day
[18:47:51] [Server thread/INFO]: [luis123333333: Set the time to 1000]
[18:49:15] [Server thread/INFO]: luis123333333 has made the advancement [Best Friends Forever]
[18:52:50] [Server thread/INFO]: luis123333333 has completed the challenge [Cover Me in Debris]
[18:54:39] [Server thread/INFO]: luis123333333 issued server command: /enchant 255
[18:58:02] [Server thread/INFO]: luis123333333 issued server command: /enchant luis123333333 minecraft:efficiency 255
[18:58:28] [Server thread/INFO]: luis123333333 issued server command: /time set day
[18:58:28] [Server thread/INFO]: [luis123333333: Set the time to 1000]
[19:01:35] [Server thread/INFO]: Stopping the server
[19:01:35] [Server thread/INFO]: Stopping server
[19:01:35] [Server thread/INFO]: [Geyser-Spigot] Disabling Geyser-Spigot v2.8.3-SNAPSHOT
[19:01:35] [Server thread/INFO]: [Geyser-Spigot] Shutting down Geyser.
[19:01:35] [Server thread/INFO]: [Geyser-Spigot] Geyser shutdown successfully.
[19:01:35] [Server thread/INFO]: [floodgate] Disabling floodgate v2.2.4-SNAPSHOT (b118-40d320a)
[19:01:35] [Server thread/INFO]: Saving players
[19:01:35] [Server thread/INFO]: luis123333333 lost connection: Server closed
[19:01:35] [WebSocketConnectReadThread-75/INFO]: [Geyser-Spigot] The skin uploader has been closed
[19:01:35] [Server thread/INFO]: luis123333333 left the game
[19:01:35] [Server thread/INFO]: Saving worlds
[19:01:35] [Server thread/INFO]: Saving chunks for level 'ServerLevel[world]'/minecraft:overworld
[19:01:35] [Server thread/INFO]: [ChunkHolderManager] Waiting 60s for chunk system to halt for world 'world'
[19:01:35] [Server thread/INFO]: [ChunkHolderManager] Halted chunk system for world 'world'
[19:01:35] [Server thread/INFO]: [ChunkHolderManager] Saving all chunkholders for world 'world'
[19:01:36] [Server thread/INFO]: [ChunkHolderManager] Saved 667 block chunks, 108 entity chunks, 0 poi chunks in world 'world' in 0.69s
[19:01:36] [Server thread/INFO]: Saving chunks for level 'ServerLevel[world_nether]'/minecraft:the_nether
[19:01:36] [Server thread/INFO]: [ChunkHolderManager] Waiting 60s for chunk system to halt for world 'world_nether'
[19:01:36] [Server thread/INFO]: [ChunkHolderManager] Halted chunk system for world 'world_nether'
[19:01:36] [Server thread/INFO]: [ChunkHolderManager] Saving all chunkholders for world 'world_nether'
[19:01:36] [Server thread/INFO]: [ChunkHolderManager] Saved 0 block chunks, 2 entity chunks, 0 poi chunks in world 'world_nether' in 0.00s
[19:01:36] [Server thread/INFO]: Saving chunks for level 'ServerLevel[world_the_end]'/minecraft:the_end
[19:01:36] [Server thread/INFO]: [ChunkHolderManager] Waiting 60s for chunk system to halt for world 'world_the_end'
[19:01:36] [Server thread/INFO]: [ChunkHolderManager] Halted chunk system for world 'world_the_end'
[19:01:36] [Server thread/INFO]: [ChunkHolderManager] Saving all chunkholders for world 'world_the_end'
[19:01:36] [Server thread/INFO]: [ChunkHolderManager] Saved 0 block chunks, 10 entity chunks, 0 poi chunks in world 'world_the_end' in 0.01s
[19:01:36] [Server thread/INFO]: ThreadedAnvilChunkStorage (world): All chunks are saved
[19:01:36] [Server thread/INFO]: ThreadedAnvilChunkStorage (DIM-1): All chunks are saved
[19:01:36] [Server thread/INFO]: ThreadedAnvilChunkStorage (DIM1): All chunks are saved
[19:01:36] [Server thread/INFO]: ThreadedAnvilChunkStorage: All dimensions are saved
